0 info it worked if it ends with ok
1 verbose cli [ '/home/ec2-user/.nvm/versions/node/v4.4.5/bin/node',
1 verbose cli   '/home/ec2-user/.nvm/versions/node/v4.4.5/bin/npm',
1 verbose cli   'start',
1 verbose cli   '3000' ]
2 info using npm@2.15.5
3 info using node@v4.4.5
4 verbose stack Error: ENOENT: no such file or directory, open '/var/www/html/package.json'
4 verbose stack     at Error (native)
5 verbose cwd /var/www/html
6 error Linux 4.14.77-81.59.amzn2.x86_64
7 error argv "/home/ec2-user/.nvm/versions/node/v4.4.5/bin/node" "/home/ec2-user/.nvm/versions/node/v4.4.5/bin/npm" "start" "3000"
8 error node v4.4.5
9 error npm  v2.15.5
10 error path /var/www/html/package.json
11 error code ENOENT
12 error errno -2
13 error syscall open
14 error enoent ENOENT: no such file or directory, open '/var/www/html/package.json'
14 error enoent This is most likely not a problem with npm itself
14 error enoent and is related to npm not being able to find a file.
15 verbose exit [ -2, true ]
